<?xml version="1.0" encoding="UTF-8"?>
<!-- Generated by org.testng.reporters.JUnitReportReporter -->
<testsuite hostname="DESKTOP-84Q1OFD" failures="0" tests="1" name="gmailSample.Gradleclass" time="4.735" errors="0" timestamp="15 Apr 2020 07:53:27 GMT" skipped="0">
  <testcase classname="gmailSample.Gradleclass" name="gmailLogin" time="4.735"/>
</testsuite> <!-- gmailSample.Gradleclass -->
